<?xml version="1.0" encoding="UTF-8"?>
<testsuite name="UUIDValidatorTest" tests="1" skipped="0" failures="0" errors="0" timestamp="2022-08-24T07:16:02" hostname="DESKTOP-2O4K7FU" time="0.025">
  <properties/>
  <testcase name="whenUUIDStringIsValidated_thenValidationSucceeds()" classname="UUIDValidatorTest" time="0.025"/>
  <system-out><![CDATA[]]></system-out>
  <system-err><![CDATA[]]></system-err>
</testsuite>
